Arguments: 
  /usr/local/bin/node /usr/local/bin/yarn add --dev @babel/core babel-loader @babel/preset-env

PATH: 
  /home/ferpalma21/.cargo/bin:/home/ferpalma21/.local/bin:/usr/lib/jvm/java-1.11.0-openjdk-amd64/bin:/usr/local/sbin:/usr/local/bin:/usr/sbin:/usr/bin:/sbin:/bin:/usr/games:/usr/local/games:/snap/bin

Yarn version: 
  1.22.11

Node version: 
  14.17.5

Platform: 
  linux x64

Trace: 
  SyntaxError: /home/ferpalma21/Projects/React-Projects/mern-skeleton/package.json: Unexpected end of JSON input
      at JSON.parse (<anonymous>)
      at /usr/local/lib/node_modules/yarn/lib/cli.js:1625:59
      at Generator.next (<anonymous>)
      at step (/usr/local/lib/node_modules/yarn/lib/cli.js:310:30)
      at /usr/local/lib/node_modules/yarn/lib/cli.js:321:13

npm manifest: 
  

yarn manifest: 
  No manifest

Lockfile: 
  
